<?xml version="1.0" encoding="UTF-8"?>
<!-- Generated by org.testng.reporters.JUnitReportReporter -->
<testsuite hostname="DESKTOP-UD8U1FM" failures="0" tests="3" name="com.Erequisition.qa.testcases.LoginTest" time="16.363" errors="0" timestamp="2025-07-20T17:19:41 IST" skipped="0">
  <testcase classname="com.Erequisition.qa.testcases.LoginTest" name="loginpagetitletes" time="5.944"/>
  <testcase classname="com.Erequisition.qa.testcases.LoginTest" name="loginpageLogotest" time="4.665"/>
  <testcase classname="com.Erequisition.qa.testcases.LoginTest" name="logintest" time="5.754"/>
</testsuite> <!-- com.Erequisition.qa.testcases.LoginTest -->
